[0.129s] DEBUG:colcon:Command line arguments: ['/usr/bin/colcon', 'build']
[0.129s] DEBUG:colcon:Parsed command line arguments: Namespace(ament_cmake_args=None, base_paths='.', build_base='build', catkin_cmake_args=None, catkin_skip_building_tests=False, cmake_args=None, cmake_clean_cache=False, cmake_clean_first=False, cmake_force_configure=False, cmake_target=None, cmake_target_skip_unavailable=False, continue_on_error=False, event_handlers=None, executor='parallel', ignore_user_meta=False, install_base='install', log_base=None, log_level=None, main=<bound method BuildVerb.main of <colcon_core.verb.build.BuildVerb object at 0x7fd57c15dac8>>, merge_install=False, metas='./colcon.meta', packages_above=None, packages_above_depth=None, packages_end=None, packages_ignore=None, packages_ignore_regex=None, packages_select=None, packages_select_build_failed=False, packages_select_by_dep=None, packages_select_regex=None, packages_select_test_failures=False, packages_skip=None, packages_skip_build_finished=False, packages_skip_by_dep=None, packages_skip_regex=None, packages_skip_test_passed=False, packages_skip_up_to=None, packages_start=None, packages_up_to=None, parallel_workers=8, paths=None, symlink_install=False, test_result_base=None, verb_extension=<colcon_core.verb.build.BuildVerb object at 0x7fd57c15dac8>, verb_name='build', verb_parser=<colcon_defaults.argument_parser.defaults.DefaultArgumentsDecorator object at 0x7fd57c15ddd8>)
[0.164s] Level 1:colcon.colcon_core.package_discovery:discover_packages(colcon_meta) check parameters
[0.165s] Level 1:colcon.colcon_core.package_discovery:discover_packages(recursive) check parameters
[0.165s] Level 1:colcon.colcon_core.package_discovery:discover_packages(ignore) check parameters
[0.165s] Level 1:colcon.colcon_core.package_discovery:discover_packages(path) check parameters
[0.165s] Level 1:colcon.colcon_core.package_discovery:discover_packages(recursive) discover
[0.165s] INFO:colcon.colcon_core.package_discovery:Crawling recursively for packages in '/home/yuehu/Desktop/comm_performance_compare/ros2'
[0.165s] Level 1:colcon.colcon_core.package_identification:_identify(/home/yuehu/Desktop/comm_performance_compare/ros2) by extensions ['ignore', 'ignore_ament_install']
[0.165s] Level 1:colcon.colcon_core.package_identification:_identify(/home/yuehu/Desktop/comm_performance_compare/ros2) by extension 'ignore'
[0.166s] Level 1:colcon.colcon_core.package_identification:_identify(/home/yuehu/Desktop/comm_performance_compare/ros2) by extension 'ignore_ament_install'
[0.166s] Level 1:colcon.colcon_core.package_identification:_identify(/home/yuehu/Desktop/comm_performance_compare/ros2) by extensions ['colcon_pkg']
[0.166s] Level 1:colcon.colcon_core.package_identification:_identify(/home/yuehu/Desktop/comm_performance_compare/ros2) by extension 'colcon_pkg'
[0.166s] Level 1:colcon.colcon_core.package_identification:_identify(/home/yuehu/Desktop/comm_performance_compare/ros2) by extensions ['colcon_meta']
[0.166s] Level 1:colcon.colcon_core.package_identification:_identify(/home/yuehu/Desktop/comm_performance_compare/ros2) by extension 'colcon_meta'
[0.166s] Level 1:colcon.colcon_core.package_identification:_identify(/home/yuehu/Desktop/comm_performance_compare/ros2) by extensions ['ros']
[0.166s] Level 1:colcon.colcon_core.package_identification:_identify(/home/yuehu/Desktop/comm_performance_compare/ros2) by extension 'ros'
[0.176s] Level 1:colcon.colcon_core.package_identification:_identify(/home/yuehu/Desktop/comm_performance_compare/ros2) by extensions ['cmake', 'python']
[0.176s] Level 1:colcon.colcon_core.package_identification:_identify(/home/yuehu/Desktop/comm_performance_compare/ros2) by extension 'cmake'
[0.176s] Level 1:colcon.colcon_core.package_identification:_identify(/home/yuehu/Desktop/comm_performance_compare/ros2) by extension 'python'
[0.176s] Level 1:colcon.colcon_core.package_identification:_identify(/home/yuehu/Desktop/comm_performance_compare/ros2) by extensions ['python_setup_py']
[0.177s] Level 1:colcon.colcon_core.package_identification:_identify(/home/yuehu/Desktop/comm_performance_compare/ros2) by extension 'python_setup_py'
[0.177s] Level 1:colcon.colcon_core.package_identification:_identify(/home/yuehu/Desktop/comm_performance_compare/ros2/build) by extensions ['ignore', 'ignore_ament_install']
[0.177s] Level 1:colcon.colcon_core.package_identification:_identify(/home/yuehu/Desktop/comm_performance_compare/ros2/build) by extension 'ignore'
[0.177s] Level 1:colcon.colcon_core.package_identification:_identify(/home/yuehu/Desktop/comm_performance_compare/ros2/build) ignored
[0.177s] Level 1:colcon.colcon_core.package_identification:_identify(/home/yuehu/Desktop/comm_performance_compare/ros2/install) by extensions ['ignore', 'ignore_ament_install']
[0.177s] Level 1:colcon.colcon_core.package_identification:_identify(/home/yuehu/Desktop/comm_performance_compare/ros2/install) by extension 'ignore'
[0.178s] Level 1:colcon.colcon_core.package_identification:_identify(/home/yuehu/Desktop/comm_performance_compare/ros2/install) ignored
[0.178s] Level 1:colcon.colcon_core.package_identification:_identify(/home/yuehu/Desktop/comm_performance_compare/ros2/log) by extensions ['ignore', 'ignore_ament_install']
[0.178s] Level 1:colcon.colcon_core.package_identification:_identify(/home/yuehu/Desktop/comm_performance_compare/ros2/log) by extension 'ignore'
[0.178s] Level 1:colcon.colcon_core.package_identification:_identify(/home/yuehu/Desktop/comm_performance_compare/ros2/log) ignored
[0.178s] Level 1:colcon.colcon_core.package_identification:_identify(/home/yuehu/Desktop/comm_performance_compare/ros2/read_image) by extensions ['ignore', 'ignore_ament_install']
[0.178s] Level 1:colcon.colcon_core.package_identification:_identify(/home/yuehu/Desktop/comm_performance_compare/ros2/read_image) by extension 'ignore'
[0.178s] Level 1:colcon.colcon_core.package_identification:_identify(/home/yuehu/Desktop/comm_performance_compare/ros2/read_image) by extension 'ignore_ament_install'
[0.178s] Level 1:colcon.colcon_core.package_identification:_identify(/home/yuehu/Desktop/comm_performance_compare/ros2/read_image) by extensions ['colcon_pkg']
[0.178s] Level 1:colcon.colcon_core.package_identification:_identify(/home/yuehu/Desktop/comm_performance_compare/ros2/read_image) by extension 'colcon_pkg'
[0.178s] Level 1:colcon.colcon_core.package_identification:_identify(/home/yuehu/Desktop/comm_performance_compare/ros2/read_image) by extensions ['colcon_meta']
[0.179s] Level 1:colcon.colcon_core.package_identification:_identify(/home/yuehu/Desktop/comm_performance_compare/ros2/read_image) by extension 'colcon_meta'
[0.179s] Level 1:colcon.colcon_core.package_identification:_identify(/home/yuehu/Desktop/comm_performance_compare/ros2/read_image) by extensions ['ros']
[0.179s] Level 1:colcon.colcon_core.package_identification:_identify(/home/yuehu/Desktop/comm_performance_compare/ros2/read_image) by extension 'ros'
[0.181s] DEBUG:colcon.colcon_core.package_identification:Package '/home/yuehu/Desktop/comm_performance_compare/ros2/read_image' with type 'ros.ament_cmake' and name 'read_image'
[0.181s] Level 1:colcon.colcon_core.package_discovery:discover_packages(recursive) using defaults
[0.186s] Level 5:colcon.colcon_core.verb:set package 'read_image' build argument 'cmake_args' from command line to 'None'
[0.186s] Level 5:colcon.colcon_core.verb:set package 'read_image' build argument 'cmake_target' from command line to 'None'
[0.186s] Level 5:colcon.colcon_core.verb:set package 'read_image' build argument 'cmake_target_skip_unavailable' from command line to 'False'
[0.186s] Level 5:colcon.colcon_core.verb:set package 'read_image' build argument 'cmake_clean_cache' from command line to 'False'
[0.186s] Level 5:colcon.colcon_core.verb:set package 'read_image' build argument 'cmake_clean_first' from command line to 'False'
[0.186s] Level 5:colcon.colcon_core.verb:set package 'read_image' build argument 'cmake_force_configure' from command line to 'False'
[0.186s] Level 5:colcon.colcon_core.verb:set package 'read_image' build argument 'ament_cmake_args' from command line to 'None'
[0.186s] Level 5:colcon.colcon_core.verb:set package 'read_image' build argument 'catkin_cmake_args' from command line to 'None'
[0.186s] Level 5:colcon.colcon_core.verb:set package 'read_image' build argument 'catkin_skip_building_tests' from command line to 'False'
[0.186s] DEBUG:colcon.colcon_core.verb:Building package 'read_image' with the following arguments: {'ament_cmake_args': None, 'build_base': '/home/yuehu/Desktop/comm_performance_compare/ros2/build/read_image', 'catkin_cmake_args': None, 'catkin_skip_building_tests': False, 'cmake_args': None, 'cmake_clean_cache': False, 'cmake_clean_first': False, 'cmake_force_configure': False, 'cmake_target': None, 'cmake_target_skip_unavailable': False, 'install_base': '/home/yuehu/Desktop/comm_performance_compare/ros2/install/read_image', 'merge_install': False, 'path': '/home/yuehu/Desktop/comm_performance_compare/ros2/read_image', 'symlink_install': False, 'test_result_base': None}
[0.187s] INFO:colcon.colcon_core.executor:Executing jobs using 'parallel' executor
[0.189s] DEBUG:colcon.colcon_parallel_executor.executor.parallel:run_until_complete
[0.189s] INFO:colcon.colcon_ros.task.ament_cmake.build:Building ROS package in '/home/yuehu/Desktop/comm_performance_compare/ros2/read_image' with build type 'ament_cmake'
[0.192s] INFO:colcon.colcon_core.plugin_system:Skipping extension 'colcon_core.shell.bat': Not used on non-Windows systems
[0.193s] INFO:colcon.colcon_cmake.task.cmake.build:Building CMake package in '/home/yuehu/Desktop/comm_performance_compare/ros2/read_image'
[0.193s] INFO:colcon.colcon_core.shell:Skip shell extension 'powershell' for command environment: Not usable outside of PowerShell
[0.193s] DEBUG:colcon.colcon_core.shell:Skip shell extension 'dsv' for command environment
[0.196s] DEBUG:colcon.colcon_core.shell:Ignoring prefix path '/opt/ros/eloquent'
[0.203s] DEBUG:colcon.colcon_core.event_handler.log_command:Invoking command in '/home/yuehu/Desktop/comm_performance_compare/ros2/build/read_image': CMAKE_PREFIX_PATH=/opt/ros/eloquent /usr/bin/cmake /home/yuehu/Desktop/comm_performance_compare/ros2/read_image -DCMAKE_INSTALL_PREFIX=/home/yuehu/Desktop/comm_performance_compare/ros2/install/read_image
[1.725s] DEBUG:colcon.colcon_core.event_handler.log_command:Invoked command in '/home/yuehu/Desktop/comm_performance_compare/ros2/build/read_image' returned '1': CMAKE_PREFIX_PATH=/opt/ros/eloquent /usr/bin/cmake /home/yuehu/Desktop/comm_performance_compare/ros2/read_image -DCMAKE_INSTALL_PREFIX=/home/yuehu/Desktop/comm_performance_compare/ros2/install/read_image
[1.735s] DEBUG:colcon.colcon_parallel_executor.executor.parallel:closing loop
[1.735s] DEBUG:colcon.colcon_parallel_executor.executor.parallel:loop closed
[1.735s] DEBUG:colcon.colcon_parallel_executor.executor.parallel:run_until_complete finished with '1'
[1.736s] DEBUG:colcon.colcon_core.event_reactor:joining thread
[1.741s] INFO:colcon.colcon_core.plugin_system:Skipping extension 'colcon_notification.desktop_notification.terminal_notifier': Not used on non-Darwin systems
[1.741s] INFO:colcon.colcon_core.plugin_system:Skipping extension 'colcon_notification.desktop_notification.win32': Not used on non-Windows systems
[1.742s] INFO:colcon.colcon_notification.desktop_notification:Sending desktop notification using 'notify2'
[1.744s] DEBUG:colcon.colcon_core.event_reactor:joined thread
[1.745s] INFO:colcon.colcon_core.shell:Creating prefix script '/home/yuehu/Desktop/comm_performance_compare/ros2/install/local_setup.ps1'
[1.746s] INFO:colcon.colcon_core.shell:Creating prefix util module '/home/yuehu/Desktop/comm_performance_compare/ros2/install/_local_setup_util_ps1.py'
[1.748s] INFO:colcon.colcon_core.shell:Creating prefix chain script '/home/yuehu/Desktop/comm_performance_compare/ros2/install/setup.ps1'
[1.750s] INFO:colcon.colcon_core.shell:Creating prefix script '/home/yuehu/Desktop/comm_performance_compare/ros2/install/local_setup.sh'
[1.751s] INFO:colcon.colcon_core.shell:Creating prefix util module '/home/yuehu/Desktop/comm_performance_compare/ros2/install/_local_setup_util_sh.py'
[1.751s] INFO:colcon.colcon_core.shell:Creating prefix chain script '/home/yuehu/Desktop/comm_performance_compare/ros2/install/setup.sh'
[1.754s] INFO:colcon.colcon_core.shell:Creating prefix script '/home/yuehu/Desktop/comm_performance_compare/ros2/install/local_setup.bash'
[1.754s] INFO:colcon.colcon_core.shell:Creating prefix chain script '/home/yuehu/Desktop/comm_performance_compare/ros2/install/setup.bash'
[1.757s] INFO:colcon.colcon_core.shell:Creating prefix script '/home/yuehu/Desktop/comm_performance_compare/ros2/install/local_setup.zsh'
[1.758s] INFO:colcon.colcon_core.shell:Creating prefix chain script '/home/yuehu/Desktop/comm_performance_compare/ros2/install/setup.zsh'
