[0.015s] Invoking command in '/home/yuehu/Desktop/comm_performance_compare/ros2/build/read_image': CMAKE_PREFIX_PATH=/opt/ros/eloquent /usr/bin/cmake /home/yuehu/Desktop/comm_performance_compare/ros2/read_image -DCMAKE_INSTALL_PREFIX=/home/yuehu/Desktop/comm_performance_compare/ros2/install/read_image
[0.027s] -- Found ament_cmake: 0.8.2 (/opt/ros/eloquent/share/ament_cmake/cmake)
[0.050s] -- Using PYTHON_EXECUTABLE: /usr/bin/python3
[0.216s] -- Found rclcpp: 0.8.3 (/opt/ros/eloquent/share/rclcpp/cmake)
[0.227s] -- Found rosidl_adapter: 0.8.1 (/opt/ros/eloquent/share/rosidl_adapter/cmake)
[0.257s] -- Found rmw_implementation_cmake: 0.8.1 (/opt/ros/eloquent/share/rmw_implementation_cmake/cmake)
[0.258s] -- Using RMW implementation 'rmw_fastrtps_cpp' as default
[0.285s] -- Found rclcpp_components: 0.8.3 (/opt/ros/eloquent/share/rclcpp_components/cmake)
[0.288s] -- Found poco_vendor:  (/opt/ros/eloquent/share/poco_vendor/cmake)
[0.305s] -- Found sensor_msgs: 0.8.1 (/opt/ros/eloquent/share/sensor_msgs/cmake)
[0.333s] CMake Error at /opt/ros/eloquent/share/ament_cmake_target_dependencies/cmake/ament_target_dependencies.cmake:52 (message):
[0.334s]   ament_target_dependencies() the passed package name 'cv_bridge' was not
[0.334s]   found before
[0.334s] Call Stack (most recent call first):
[0.334s]   CMakeLists.txt:30 (ament_target_dependencies)
[0.334s] 
[0.334s] 
[0.335s] -- Configuring incomplete, errors occurred!
[0.335s] See also "/home/yuehu/Desktop/comm_performance_compare/ros2/build/read_image/CMakeFiles/CMakeOutput.log".
[0.335s] See also "/home/yuehu/Desktop/comm_performance_compare/ros2/build/read_image/CMakeFiles/CMakeError.log".
[0.337s] Invoked command in '/home/yuehu/Desktop/comm_performance_compare/ros2/build/read_image' returned '1': CMAKE_PREFIX_PATH=/opt/ros/eloquent /usr/bin/cmake /home/yuehu/Desktop/comm_performance_compare/ros2/read_image -DCMAKE_INSTALL_PREFIX=/home/yuehu/Desktop/comm_performance_compare/ros2/install/read_image
