[0.064s] -- The C compiler identification is GNU 7.4.0
[0.112s] -- The CXX compiler identification is GNU 7.4.0
[0.116s] -- Check for working C compiler: /usr/bin/cc
[0.180s] -- Check for working C compiler: /usr/bin/cc -- works
[0.180s] -- Detecting C compiler ABI info
[0.246s] -- Detecting C compiler ABI info - done
[0.251s] -- Detecting C compile features
[0.437s] -- Detecting C compile features - done
[0.439s] -- Check for working CXX compiler: /usr/bin/c++
[0.511s] -- Check for working CXX compiler: /usr/bin/c++ -- works
[0.511s] -- Detecting CXX compiler ABI info
[0.583s] -- Detecting CXX compiler ABI info - done
[0.587s] -- Detecting CXX compile features
[0.901s] -- Detecting CXX compile features - done
[0.903s] -- Found ament_cmake: 0.8.2 (/opt/ros/eloquent/share/ament_cmake/cmake)
[0.930s] -- Found PythonInterp: /usr/bin/python3 (found suitable version "3.6.9", minimum required is "3") 
[0.930s] -- Using PYTHON_EXECUTABLE: /usr/bin/python3
[1.113s] -- Found rclcpp: 0.8.3 (/opt/ros/eloquent/share/rclcpp/cmake)
[1.132s] -- Found rosidl_adapter: 0.8.1 (/opt/ros/eloquent/share/rosidl_adapter/cmake)
[1.172s] -- Found rmw_implementation_cmake: 0.8.1 (/opt/ros/eloquent/share/rmw_implementation_cmake/cmake)
[1.174s] -- Using RMW implementation 'rmw_fastrtps_cpp' as default
[1.175s] -- Looking for pthread.h
[1.245s] -- Looking for pthread.h - found
[1.245s] -- Looking for pthread_create
[1.313s] -- Looking for pthread_create - not found
[1.313s] -- Looking for pthread_create in pthreads
[1.367s] -- Looking for pthread_create in pthreads - not found
[1.368s] -- Looking for pthread_create in pthread
[1.430s] -- Looking for pthread_create in pthread - found
[1.431s] -- Found Threads: TRUE  
[1.465s] -- Found rclcpp_components: 0.8.3 (/opt/ros/eloquent/share/rclcpp_components/cmake)
[1.469s] -- Found poco_vendor:  (/opt/ros/eloquent/share/poco_vendor/cmake)
[1.490s] -- Found sensor_msgs: 0.8.1 (/opt/ros/eloquent/share/sensor_msgs/cmake)
[1.529s] -- Found OpenCV: /usr (found version "3.2.0") 
[1.530s] CMake Error at /opt/ros/eloquent/share/ament_cmake_target_dependencies/cmake/ament_target_dependencies.cmake:52 (message):
[1.530s]   ament_target_dependencies() the passed package name 'cv_bridge' was not
[1.530s]   found before
[1.530s] Call Stack (most recent call first):
[1.530s]   CMakeLists.txt:30 (ament_target_dependencies)
[1.530s] 
[1.530s] 
[1.531s] -- Configuring incomplete, errors occurred!
[1.531s] See also "/home/yuehu/Desktop/comm_performance_compare/ros2/build/read_image/CMakeFiles/CMakeOutput.log".
[1.531s] See also "/home/yuehu/Desktop/comm_performance_compare/ros2/build/read_image/CMakeFiles/CMakeError.log".
