Determining if the pthread_create exist failed with the following output:
Change Dir: /home/yuehu/Desktop/comm_performance_compare/ros2/build/read_image/CMakeFiles/CMakeTmp

Run Build Command:"/usr/bin/make" "cmTC_51898/fast"
/usr/bin/make -f CMakeFiles/cmTC_51898.dir/build.make CMakeFiles/cmTC_51898.dir/build
make[1]: Entering directory '/home/yuehu/Desktop/comm_performance_compare/ros2/build/read_image/CMakeFiles/CMakeTmp'
Building C object CMakeFiles/cmTC_51898.dir/CheckSymbolExists.c.o
/usr/bin/cc    -o CMakeFiles/cmTC_51898.dir/CheckSymbolExists.c.o   -c /home/yuehu/Desktop/comm_performance_compare/ros2/build/read_image/CMakeFiles/CMakeTmp/CheckSymbolExists.c
Linking C executable cmTC_51898
/usr/bin/cmake -E cmake_link_script CMakeFiles/cmTC_51898.dir/link.txt --verbose=1
/usr/bin/cc      CMakeFiles/cmTC_51898.dir/CheckSymbolExists.c.o  -o cmTC_51898 
CMakeFiles/cmTC_51898.dir/CheckSymbolExists.c.o: In function `main':
CheckSymbolExists.c:(.text+0x1b): undefined reference to `pthread_create'
collect2: error: ld returned 1 exit status
CMakeFiles/cmTC_51898.dir/build.make:97: recipe for target 'cmTC_51898' failed
make[1]: *** [cmTC_51898] Error 1
make[1]: Leaving directory '/home/yuehu/Desktop/comm_performance_compare/ros2/build/read_image/CMakeFiles/CMakeTmp'
Makefile:126: recipe for target 'cmTC_51898/fast' failed
make: *** [cmTC_51898/fast] Error 2

File /home/yuehu/Desktop/comm_performance_compare/ros2/build/read_image/CMakeFiles/CMakeTmp/CheckSymbolExists.c:
/* */
#include <pthread.h>

int main(int argc, char** argv)
{
  (void)argv;
#ifndef pthread_create
  return ((int*)(&pthread_create))[argc];
#else
  (void)argc;
  return 0;
#endif
}

Determining if the function pthread_create exists in the pthreads failed with the following output:
Change Dir: /home/yuehu/Desktop/comm_performance_compare/ros2/build/read_image/CMakeFiles/CMakeTmp

Run Build Command:"/usr/bin/make" "cmTC_d2198/fast"
/usr/bin/make -f CMakeFiles/cmTC_d2198.dir/build.make CMakeFiles/cmTC_d2198.dir/build
make[1]: Entering directory '/home/yuehu/Desktop/comm_performance_compare/ros2/build/read_image/CMakeFiles/CMakeTmp'
Building C object CMakeFiles/cmTC_d2198.dir/CheckFunctionExists.c.o
/usr/bin/cc   -DCHECK_FUNCTION_EXISTS=pthread_create   -o CMakeFiles/cmTC_d2198.dir/CheckFunctionExists.c.o   -c /usr/share/cmake-3.10/Modules/CheckFunctionExists.c
Linking C executable cmTC_d2198
/usr/bin/cmake -E cmake_link_script CMakeFiles/cmTC_d2198.dir/link.txt --verbose=1
/usr/bin/cc  -DCHECK_FUNCTION_EXISTS=pthread_create    CMakeFiles/cmTC_d2198.dir/CheckFunctionExists.c.o  -o cmTC_d2198 -lpthreads 
/usr/bin/ld: cannot find -lpthreads
collect2: error: ld returned 1 exit status
CMakeFiles/cmTC_d2198.dir/build.make:97: recipe for target 'cmTC_d2198' failed
make[1]: *** [cmTC_d2198] Error 1
make[1]: Leaving directory '/home/yuehu/Desktop/comm_performance_compare/ros2/build/read_image/CMakeFiles/CMakeTmp'
Makefile:126: recipe for target 'cmTC_d2198/fast' failed
make: *** [cmTC_d2198/fast] Error 2


